[debug] [2022-07-20T20:52:18.993Z] ----------------------------------------------------------------------
[debug] [2022-07-20T20:52:18.995Z] Command:       C:\Program Files\nodejs\node.exe C:\Users\Korisnik\AppData\Roaming\npm\node_modules\firebase-tools\lib\bin\firebase.js init hosting:github
[debug] [2022-07-20T20:52:18.995Z] CLI Version:   11.3.0
[debug] [2022-07-20T20:52:18.995Z] Platform:      win32
[debug] [2022-07-20T20:52:18.995Z] Node Version:  v16.14.2
[debug] [2022-07-20T20:52:18.996Z] Time:          Wed Jul 20 2022 22:52:18 GMT+0200 (Srednjeevropsko letnje vreme)
[debug] [2022-07-20T20:52:18.997Z] ----------------------------------------------------------------------
[debug] 
[debug] [2022-07-20T20:52:19.064Z] > command requires scopes: ["email","openid","https://www.googleapis.com/auth/cloudplatformprojects.readonly","https://www.googleapis.com/auth/firebase","https://www.googleapis.com/auth/cloud-platform"]
[debug] [2022-07-20T20:52:19.064Z] > authorizing via signed-in user (niksaopfor@gmail.com)
[info] 
     ######## #### ########  ######## ########     ###     ######  ########
     ##        ##  ##     ## ##       ##     ##  ##   ##  ##       ##
     ######    ##  ########  ######   ########  #########  ######  ######
     ##        ##  ##    ##  ##       ##     ## ##     ##       ## ##
     ##       #### ##     ## ######## ########  ##     ##  ######  ########

You're about to initialize a Firebase project in this directory:

  C:\Users\Korisnik\Desktop\events7

Before we get started, keep in mind:

  * You are initializing within an existing Firebase project directory

